This is pdfTeX, Version 3.14159265-2.6-1.40.20 (MiKTeX 2.9.7140 64-bit) (preloaded format=pdflatex 2019.9.25)  9 OCT 2019 14:32
entering extended mode
**./project_1.tex
(project_1.tex
LaTeX2e <2018-12-01>

("C:\Users\Jon Andre Ottesen\AppData\Local\Programs\MiKTeX 2.9\tex/latex/revtex
\revtex4-1.cls"
Document Class: revtex4-1 2010/07/25/20:33:00 4.1r (http://publish.aps.org/revt
ex4/ for documentation)
 Copyright (c) 2009 The American Physical Society.
 mailto:revtex@aps.org
 Licensed under the LPPL:
http://www.ctan.org/tex-archive/macros/latex/base/lppl.txt
 Arthur Ogawa <arthur_ogawa at sbcglobal dot net>
 Based on work by David Carlisle <david at dcarlisle.demon.co.uk>.
ltxutil[2010/07/25/20:33:00 4.1r utilities package (portions licensed from W. E
. Baxter web at superscript.com)]
LaTeX Info: Redefining \@centercr on input line 308.
Class revtex4-1 Info: Repairing broken LaTeX eqnarray on input line 358.
\eqncolsep=\skip41
Class revtex4-1 Info: Repairing hyperref-unfriendly LaTeX definition of \mpfoot
note on input line 433.
Class revtex4-1 Info: Repairing broken LateX \@sect on input line 755.
\intertabularlinepenalty=\count80
\@tbpen=\count81
\@arstrutbox@hline=\box27
Class revtex4-1 Info: Repairing broken LaTeX \@xbitor on input line 1786.
Class revtex4-1 Info: Making \typeout \long on input line 2046.
ltxfront[2010/07/25/20:33:00 4.1r frontmatter package (AO,DPC)]
\c@affil=\count82
\c@collab=\count83
\absbox=\box28
ltxgrid[2010/07/25/20:33:00 4.1r page grid package (portions licensed from W. E
. Baxter web at superscript.com)]
\c@linecount=\count84
\output@latex=\toks14
\box@size@1=\box29
\box@size@2=\box30
\@protection@box=\box31
\@topmark@saved=\toks15
\footins@saved=\box32
\footins@recovered=\box33
\column@recovered=\box34
\pagesofar=\box35
\footsofar=\box36
\pagegrid@col=\count85
Class revtex4-1 Info: Overriding \@vspace, \@vspacer, \@no@pgbk, \@newline, and
 \\  on input line 5578.
\c@part=\count86
\c@section=\count87
\c@subsection=\count88
\c@subsubsection=\count89
\c@paragraph=\count90
\c@subparagraph=\count91
\abovecaptionskip=\skip42
\belowcaptionskip=\skip43
\c@figure=\count92
\fbox@1=\box37
\c@table=\count93
\fbox@2=\box38
\c@video=\count94
\fbox@4=\box39
\@bibdataout=\write3
\widetext@top=\box40
\widetext@bot=\box41

Class revtex4-1 Warning: No Society specified, using default society aps.


("C:\Users\Jon Andre Ottesen\AppData\Local\Programs\MiKTeX 2.9\tex/latex/revtex
\aps4-1.rtx"
File: aps4-1 2010/07/25/20:33:00 4.1r (http://publish.aps.org/revtex4/ for docu
mentation)
Class revtex4-1 Info: RevTeX society APS selected on input line 31.
)

Class revtex4-1 Warning: No journal specified, using default pra.

Class revtex4-1 Info: APS journal PRA selected on input line 7545.

("C:\Users\Jon Andre Ottesen\AppData\Local\Programs\MiKTeX 2.9\tex/latex/revtex
\aps10pt4-1.rtx"
File: aps10pt4-1 2010/07/25/20:33:00 4.1r (http://publish.aps.org/revtex4/ for 
documentation)
Class revtex4-1 Info: RevTeX pointsize 10pt selected on input line 30.
)
("C:\Users\Jon Andre Ottesen\AppData\Local\Programs\MiKTeX 2.9\tex/latex/textca
se\textcase.sty"
Package: textcase 2019/09/14 v1.00 Text only upper/lower case changing (DPC)
)
("C:\Users\Jon Andre Ottesen\AppData\Local\Programs\MiKTeX 2.9\tex/latex/amsfon
ts\amssymb.sty"
Package: amssymb 2013/01/14 v3.01 AMS font symbols

("C:\Users\Jon Andre Ottesen\AppData\Local\Programs\MiKTeX 2.9\tex/latex/amsfon
ts\amsfonts.sty"
Package: amsfonts 2013/01/14 v3.01 Basic AMSFonts support
\@emptytoks=\toks16
\symAMSa=\mathgroup4
\symAMSb=\mathgroup5
LaTeX Font Info:    Overwriting math alphabet `\mathfrak' in version `bold'
(Font)                  U/euf/m/n --> U/euf/b/n on input line 106.
))
("C:\Users\Jon Andre Ottesen\AppData\Local\Programs\MiKTeX 2.9\tex/latex/amsmat
h\amsmath.sty"
Package: amsmath 2018/12/01 v2.17b AMS math features
\@mathmargin=\skip44

For additional information on amsmath, use the `?' option.

("C:\Users\Jon Andre Ottesen\AppData\Local\Programs\MiKTeX 2.9\tex/latex/amsmat
h\amstext.sty"
Package: amstext 2000/06/29 v2.01 AMS text

("C:\Users\Jon Andre Ottesen\AppData\Local\Programs\MiKTeX 2.9\tex/latex/amsmat
h\amsgen.sty"
File: amsgen.sty 1999/11/30 v2.0 generic functions
\@emptytoks=\toks17
\ex@=\dimen102
)
LaTeX Info: Redefining \text on input line 28.
)
("C:\Users\Jon Andre Ottesen\AppData\Local\Programs\MiKTeX 2.9\tex/latex/amsmat
h\amsbsy.sty"
Package: amsbsy 1999/11/29 v1.2d Bold Symbols
\pmbraise@=\dimen103
)
("C:\Users\Jon Andre Ottesen\AppData\Local\Programs\MiKTeX 2.9\tex/latex/amsmat
h\amsopn.sty"
Package: amsopn 2016/03/08 v2.02 operator names
)
\inf@bad=\count95
LaTeX Info: Redefining \frac on input line 223.
\uproot@=\count96
\leftroot@=\count97
LaTeX Info: Redefining \overline on input line 385.
\classnum@=\count98
\DOTSCASE@=\count99
LaTeX Info: Redefining \ldots on input line 482.
LaTeX Info: Redefining \dots on input line 485.
LaTeX Info: Redefining \cdots on input line 606.
\Mathstrutbox@=\box42
\strutbox@=\box43
\big@size=\dimen104
LaTeX Font Info:    Redeclaring font encoding OML on input line 729.
LaTeX Font Info:    Redeclaring font encoding OMS on input line 730.
\macc@depth=\count100
\c@MaxMatrixCols=\count101
\dotsspace@=\muskip10
\c@parentequation=\count102
\dspbrk@lvl=\count103
\tag@help=\toks18
\row@=\count104
\column@=\count105
\maxfields@=\count106
\andhelp@=\toks19
\eqnshift@=\dimen105
\alignsep@=\dimen106
\tagshift@=\dimen107
\tagwidth@=\dimen108
\totwidth@=\dimen109
\lineht@=\dimen110
\@envbody=\toks20
\multlinegap=\skip45
\multlinetaggap=\skip46
\mathdisplay@stack=\toks21
LaTeX Info: Redefining \[ on input line 2844.
LaTeX Info: Redefining \] on input line 2845.
)
("C:\Users\Jon Andre Ottesen\AppData\Local\Programs\MiKTeX 2.9\tex/latex/url\ur
l.sty"
\Urlmuskip=\muskip11
Package: url 2013/09/16  ver 3.4  Verb mode for urls, etc.
)
("C:\Users\Jon Andre Ottesen\AppData\Local\Programs\MiKTeX 2.9\tex/latex/natbib
\natbib.sty"
Package: natbib 2010/09/13 8.31b (PWD, AO)
\bibhang=\skip47
\bibsep=\skip48
LaTeX Info: Redefining \cite on input line 694.
\c@NAT@ctr=\count107
)
Class revtex4-1 Info: Repairing natbib's \BibitemShut on input line 7549.

("C:\Users\Jon Andre Ottesen\AppData\Local\Programs\MiKTeX 2.9\tex/latex/revtex
\revsymb4-1.sty"
Package: revsymb4-1 2010/07/25/20:33:00 4.1r (http://publish.aps.org/revtex4/ f
or documentation)
LaTeX Info: Redefining \frak on input line 95.
LaTeX Info: Redefining \Bbb on input line 111.
LaTeX Info: Redefining \REV@mathfrak on input line 119.
))
("C:\Users\Jon Andre Ottesen\AppData\Local\Programs\MiKTeX 2.9\tex/latex/base\i
nputenc.sty"
Package: inputenc 2018/08/11 v1.3c Input encoding file
\inpenc@prehook=\toks22
\inpenc@posthook=\toks23
)
("C:\Users\Jon Andre Ottesen\AppData\Local\Programs\MiKTeX 2.9\tex/generic/babe
l\babel.sty"
Package: babel 2019/07/19 3.33 The Babel package

("C:\Users\Jon Andre Ottesen\AppData\Local\Programs\MiKTeX 2.9\tex/generic/babe
l\switch.def"
File: switch.def 2019/07/19 3.33 Babel switching mechanism
)
*************************************
* Local config file bblopts.cfg used
*

("C:\Users\Jon Andre Ottesen\AppData\Local\Programs\MiKTeX 2.9\tex/latex/arabi\
bblopts.cfg"
File: bblopts.cfg 2005/09/08 v0.1 add Arabic and Farsi to "declared" options of
 babel
)
("C:\Users\Jon Andre Ottesen\AppData\Local\Programs\MiKTeX 2.9\tex/latex/babel-
norsk\norsk.ldf"
Language: norsk 2012/08/06 v2.0i Norsk support from the babel system

("C:\Users\Jon Andre Ottesen\AppData\Local\Programs\MiKTeX 2.9\tex/generic/babe
l\babel.def"
File: babel.def 2019/07/19 3.33 Babel common definitions
\babel@savecnt=\count108
\U@D=\dimen111

("C:\Users\Jon Andre Ottesen\AppData\Local\Programs\MiKTeX 2.9\tex/generic/babe
l\txtbabel.def")
\bbl@dirlevel=\count109
)
Package babel Info: Making " an active character on input line 113.
))
("C:\Users\Jon Andre Ottesen\AppData\Local\Programs\MiKTeX 2.9\tex/latex/graphi
cs\graphicx.sty"
Package: graphicx 2017/06/01 v1.1a Enhanced LaTeX Graphics (DPC,SPQR)

("C:\Users\Jon Andre Ottesen\AppData\Local\Programs\MiKTeX 2.9\tex/latex/graphi
cs\keyval.sty"
Package: keyval 2014/10/28 v1.15 key=value parser (DPC)
\KV@toks@=\toks24
)
("C:\Users\Jon Andre Ottesen\AppData\Local\Programs\MiKTeX 2.9\tex/latex/graphi
cs\graphics.sty"
Package: graphics 2017/06/25 v1.2c Standard LaTeX Graphics (DPC,SPQR)

("C:\Users\Jon Andre Ottesen\AppData\Local\Programs\MiKTeX 2.9\tex/latex/graphi
cs\trig.sty"
Package: trig 2016/01/03 v1.10 sin cos tan (DPC)
)
("C:\Users\Jon Andre Ottesen\AppData\Local\Programs\MiKTeX 2.9\tex/latex/graphi
cs-cfg\graphics.cfg"
File: graphics.cfg 2016/06/04 v1.11 sample graphics configuration
)
Package graphics Info: Driver file: pdftex.def on input line 99.

("C:\Users\Jon Andre Ottesen\AppData\Local\Programs\MiKTeX 2.9\tex/latex/graphi
cs-def\pdftex.def"
File: pdftex.def 2018/01/08 v1.0l Graphics/color driver for pdftex
))
\Gin@req@height=\dimen112
\Gin@req@width=\dimen113
)
("C:\Users\Jon Andre Ottesen\AppData\Local\Programs\MiKTeX 2.9\tex/latex/tools\
varioref.sty"
Package: varioref 2016/02/16 v1.5c package for extended references (FMi)
\c@vrcnt=\count110
)
("C:\Users\Jon Andre Ottesen\AppData\Local\Programs\MiKTeX 2.9\tex/latex/tools\
verbatim.sty"
Package: verbatim 2014/10/28 v1.5q LaTeX2e package for verbatim enhancements
\every@verbatim=\toks25
\verbatim@line=\toks26
\verbatim@in@stream=\read1
)
("C:\Users\Jon Andre Ottesen\AppData\Local\Programs\MiKTeX 2.9\tex/latex/geomet
ry\geometry.sty"
Package: geometry 2018/04/16 v5.8 Page Geometry

("C:\Users\Jon Andre Ottesen\AppData\Local\Programs\MiKTeX 2.9\tex/generic/ober
diek\ifpdf.sty"
Package: ifpdf 2018/09/07 v3.3 Provides the ifpdf switch
)
("C:\Users\Jon Andre Ottesen\AppData\Local\Programs\MiKTeX 2.9\tex/generic/ober
diek\ifvtex.sty"
Package: ifvtex 2016/05/16 v1.6 Detect VTeX and its facilities (HO)
Package ifvtex Info: VTeX not detected.
)
("C:\Users\Jon Andre Ottesen\AppData\Local\Programs\MiKTeX 2.9\tex/generic/ifxe
tex\ifxetex.sty"
Package: ifxetex 2010/09/12 v0.6 Provides ifxetex conditional
)
\Gm@cnth=\count111
\Gm@cntv=\count112
\c@Gm@tempcnt=\count113
\Gm@bindingoffset=\dimen114
\Gm@wd@mp=\dimen115
\Gm@odd@mp=\dimen116
\Gm@even@mp=\dimen117
\Gm@layoutwidth=\dimen118
\Gm@layoutheight=\dimen119
\Gm@layouthoffset=\dimen120
\Gm@layoutvoffset=\dimen121
\Gm@dimlist=\toks27

("C:\Users\Jon Andre Ottesen\AppData\Local\Programs\MiKTeX 2.9\tex/latex/geomet
ry\geometry.cfg"))
("C:\Users\Jon Andre Ottesen\AppData\Local\Programs\MiKTeX 2.9\tex/latex/oberdi
ek\grffile.sty"
Package: grffile 2017/06/30 v1.18 Extended file name support for graphics (HO)

("C:\Users\Jon Andre Ottesen\AppData\Local\Programs\MiKTeX 2.9\tex/latex/oberdi
ek\kvoptions.sty"
Package: kvoptions 2016/05/16 v3.12 Key value format for package options (HO)

("C:\Users\Jon Andre Ottesen\AppData\Local\Programs\MiKTeX 2.9\tex/generic/ober
diek\ltxcmds.sty"
Package: ltxcmds 2016/05/16 v1.23 LaTeX kernel commands for general use (HO)
)
("C:\Users\Jon Andre Ottesen\AppData\Local\Programs\MiKTeX 2.9\tex/generic/ober
diek\kvsetkeys.sty"
Package: kvsetkeys 2016/05/16 v1.17 Key value parser (HO)

("C:\Users\Jon Andre Ottesen\AppData\Local\Programs\MiKTeX 2.9\tex/generic/ober
diek\infwarerr.sty"
Package: infwarerr 2016/05/16 v1.4 Providing info/warning/error messages (HO)
)
("C:\Users\Jon Andre Ottesen\AppData\Local\Programs\MiKTeX 2.9\tex/generic/ober
diek\etexcmds.sty"
Package: etexcmds 2016/05/16 v1.6 Avoid name clashes with e-TeX commands (HO)

("C:\Users\Jon Andre Ottesen\AppData\Local\Programs\MiKTeX 2.9\tex/generic/ober
diek\ifluatex.sty"
Package: ifluatex 2016/05/16 v1.4 Provides the ifluatex switch (HO)
Package ifluatex Info: LuaTeX not detected.
))))
("C:\Users\Jon Andre Ottesen\AppData\Local\Programs\MiKTeX 2.9\tex/generic/ober
diek\pdftexcmds.sty"
Package: pdftexcmds 2019/07/25 v0.30 Utility functions of pdfTeX for LuaTeX (HO
)
Package pdftexcmds Info: LuaTeX not detected.
Package pdftexcmds Info: \pdf@primitive is available.
Package pdftexcmds Info: \pdf@ifprimitive is available.
Package pdftexcmds Info: \pdfdraftmode found.
)
Package grffile Info: Option `multidot' is set to `true'.
Package grffile Info: Option `extendedchars' is set to `false'.
Package grffile Info: Option `space' is set to `true'.
Package grffile Info: \Gin@ii of package `graphicx' fixed on input line 494.
)
("C:\Users\Jon Andre Ottesen\AppData\Local\Programs\MiKTeX 2.9\tex/latex/xcolor
\xcolor.sty"
Package: xcolor 2016/05/11 v2.12 LaTeX color extensions (UK)

("C:\Users\Jon Andre Ottesen\AppData\Local\Programs\MiKTeX 2.9\tex/latex/graphi
cs-cfg\color.cfg"
File: color.cfg 2016/01/02 v1.6 sample color configuration
)
Package xcolor Info: Package option `usenames' ignored on input line 216.
Package xcolor Info: Driver file: pdftex.def on input line 225.

("C:\Users\Jon Andre Ottesen\AppData\Local\Programs\MiKTeX 2.9\tex/latex/colort
bl\colortbl.sty"
Package: colortbl 2018/12/12 v1.0d Color table columns (DPC)

("C:\Users\Jon Andre Ottesen\AppData\Local\Programs\MiKTeX 2.9\tex/latex/tools\
array.sty"
Package: array 2018/12/30 v2.4k Tabular extension package (FMi)
\col@sep=\dimen122
\ar@mcellbox=\box44
\extrarowheight=\dimen123
\NC@list=\toks28
\extratabsurround=\skip49
\backup@length=\skip50
\ar@cellbox=\box45
)
\everycr=\toks29
\minrowclearance=\skip51
)
\rownum=\count114
Package xcolor Info: Model `cmy' substituted by `cmy0' on input line 1348.
Package xcolor Info: Model `hsb' substituted by `rgb' on input line 1352.
Package xcolor Info: Model `RGB' extended on input line 1364.
Package xcolor Info: Model `HTML' substituted by `rgb' on input line 1366.
Package xcolor Info: Model `Hsb' substituted by `hsb' on input line 1367.
Package xcolor Info: Model `tHsb' substituted by `hsb' on input line 1368.
Package xcolor Info: Model `HSB' substituted by `hsb' on input line 1369.
Package xcolor Info: Model `Gray' substituted by `gray' on input line 1370.
Package xcolor Info: Model `wave' substituted by `hsb' on input line 1371.

("C:\Users\Jon Andre Ottesen\AppData\Local\Programs\MiKTeX 2.9\tex/latex/graphi
cs\dvipsnam.def"
File: dvipsnam.def 2016/06/17 v3.0m Driver-dependent file (DPC,SPQR)
)
("C:\Users\Jon Andre Ottesen\AppData\Local\Programs\MiKTeX 2.9\tex/latex/xcolor
\svgnam.def"
File: svgnam.def 2016/05/11 v2.12 Predefined colors according to SVG 1.1 (UK)
))
("C:\Users\Jon Andre Ottesen\AppData\Local\Programs\MiKTeX 2.9\tex/latex/hyperr
ef\hyperref.sty"
Package: hyperref 2019/06/12 v6.88h Hypertext links for LaTeX

("C:\Users\Jon Andre Ottesen\AppData\Local\Programs\MiKTeX 2.9\tex/generic/ober
diek\hobsub-hyperref.sty"
Package: hobsub-hyperref 2016/05/16 v1.14 Bundle oberdiek, subset hyperref (HO)


("C:\Users\Jon Andre Ottesen\AppData\Local\Programs\MiKTeX 2.9\tex/generic/ober
diek\hobsub-generic.sty"
Package: hobsub-generic 2016/05/16 v1.14 Bundle oberdiek, subset generic (HO)
Package: hobsub 2016/05/16 v1.14 Construct package bundles (HO)
Package hobsub Info: Skipping package `infwarerr' (already loaded).
Package hobsub Info: Skipping package `ltxcmds' (already loaded).
Package hobsub Info: Skipping package `ifluatex' (already loaded).
Package hobsub Info: Skipping package `ifvtex' (already loaded).
Package: intcalc 2016/05/16 v1.2 Expandable calculations with integers (HO)
Package hobsub Info: Skipping package `ifpdf' (already loaded).
Package hobsub Info: Skipping package `etexcmds' (already loaded).
Package hobsub Info: Skipping package `kvsetkeys' (already loaded).
Package: kvdefinekeys 2016/05/16 v1.4 Define keys (HO)
Package hobsub Info: Skipping package `pdftexcmds' (already loaded).
Package: pdfescape 2016/05/16 v1.14 Implements pdfTeX's escape features (HO)
Package: bigintcalc 2016/05/16 v1.4 Expandable calculations on big integers (HO
)
Package: bitset 2016/05/16 v1.2 Handle bit-vector datatype (HO)
Package: uniquecounter 2016/05/16 v1.3 Provide unlimited unique counter (HO)
)
Package hobsub Info: Skipping package `hobsub' (already loaded).
Package: letltxmacro 2016/05/16 v1.5 Let assignment for LaTeX macros (HO)
Package: hopatch 2016/05/16 v1.3 Wrapper for package hooks (HO)
Package: xcolor-patch 2016/05/16 xcolor patch
Package: atveryend 2016/05/16 v1.9 Hooks at the very end of document (HO)
Package: atbegshi 2016/06/09 v1.18 At begin shipout hook (HO)
Package: refcount 2016/05/16 v3.5 Data extraction from label references (HO)
Package: hycolor 2016/05/16 v1.8 Color options for hyperref/bookmark (HO)
)
("C:\Users\Jon Andre Ottesen\AppData\Local\Programs\MiKTeX 2.9\tex/latex/oberdi
ek\auxhook.sty"
Package: auxhook 2016/05/16 v1.4 Hooks for auxiliary files (HO)
)
\@linkdim=\dimen124
\Hy@linkcounter=\count115
\Hy@pagecounter=\count116

("C:\Users\Jon Andre Ottesen\AppData\Local\Programs\MiKTeX 2.9\tex/latex/hyperr
ef\pd1enc.def"
File: pd1enc.def 2019/06/12 v6.88h Hyperref: PDFDocEncoding definition (HO)
Now handling font encoding PD1 ...
... no UTF-8 mapping file for font encoding PD1
)
\Hy@SavedSpaceFactor=\count117

("C:\Users\Jon Andre Ottesen\AppData\Local\Programs\MiKTeX 2.9\tex/latex/00mikt
ex\hyperref.cfg"
File: hyperref.cfg 2002/06/06 v1.2 hyperref configuration of TeXLive
)
Package hyperref Info: Option `colorlinks' set `true' on input line 4424.
Package hyperref Info: Hyper figures OFF on input line 4550.
Package hyperref Info: Link nesting OFF on input line 4555.
Package hyperref Info: Hyper index ON on input line 4558.
Package hyperref Info: Plain pages OFF on input line 4565.
Package hyperref Info: Backreferencing OFF on input line 4570.
Package hyperref Info: Implicit mode ON; LaTeX internals redefined.
Package hyperref Info: Bookmarks ON on input line 4803.
LaTeX Info: Redefining \href on input line 5067.
\c@Hy@tempcnt=\count118
LaTeX Info: Redefining \url on input line 5156.
\XeTeXLinkMargin=\dimen125
\Fld@menulength=\count119
\Field@Width=\dimen126
\Fld@charsize=\dimen127
Package hyperref Info: Hyper figures OFF on input line 6411.
Package hyperref Info: Link nesting OFF on input line 6416.
Package hyperref Info: Hyper index ON on input line 6419.
Package hyperref Info: backreferencing OFF on input line 6426.
Package hyperref Info: Link coloring ON on input line 6429.
Package hyperref Info: Link coloring with OCG OFF on input line 6436.
Package hyperref Info: PDF/A mode OFF on input line 6441.
LaTeX Info: Redefining \ref on input line 6481.
LaTeX Info: Redefining \pageref on input line 6485.
\Hy@abspage=\count120
\c@Item=\count121
\c@Hfootnote=\count122
)
Package hyperref Info: Driver (autodetected): hpdftex.

("C:\Users\Jon Andre Ottesen\AppData\Local\Programs\MiKTeX 2.9\tex/latex/hyperr
ef\hpdftex.def"
File: hpdftex.def 2019/06/12 v6.88h Hyperref driver for pdfTeX
\Fld@listcount=\count123
\c@bookmark@seq@number=\count124

("C:\Users\Jon Andre Ottesen\AppData\Local\Programs\MiKTeX 2.9\tex/latex/oberdi
ek\rerunfilecheck.sty"
Package: rerunfilecheck 2016/05/16 v1.8 Rerun checks for auxiliary files (HO)
Package uniquecounter Info: New unique counter `rerunfilecheck' on input line 2
82.
)
\Hy@SectionHShift=\skip52
)
("C:\Users\Jon Andre Ottesen\AppData\Local\Programs\MiKTeX 2.9\tex/latex/base\f
lafter.sty"
Package: flafter 2018/11/28 v1.4d Standard LaTeX floats after reference (FMi)
Applying: [2015/01/01] float order in 2-column on input line 49.
Already applied: [0000/00/00] float order in 2-column on input line 151.
)
("C:\Users\Jon Andre Ottesen\AppData\Local\Programs\MiKTeX 2.9\tex/latex/float\
float.sty"
Package: float 2001/11/08 v1.3d Float enhancements (AL)
\c@float@type=\count125
\float@exts=\toks30
\float@box=\box46
\@float@everytoks=\toks31
\@floatcapt=\box47
)
("C:\Users\Jon Andre Ottesen\AppData\Local\Programs\MiKTeX 2.9\tex/latex/placei
ns\placeins.sty"
Package: placeins 2005/04/18  v 2.2
)
("C:\Users\Jon Andre Ottesen\AppData\Local\Programs\MiKTeX 2.9\tex/latex/fancyv
rb\fancyvrb.sty"
Package: fancyvrb 2019/01/15
 Style option: `fancyvrb' v3.2a <2019/01/15> (tvz)
\FV@CodeLineNo=\count126
\FV@InFile=\read2
\FV@TabBox=\box48
\c@FancyVerbLine=\count127
\FV@StepNumber=\count128
\FV@OutFile=\write4
)
("C:\Users\Jon Andre Ottesen\AppData\Local\Programs\MiKTeX 2.9\tex/latex/commen
t\comment.sty"
\CommentStream=\write5
 Excluding comment 'comment')
("C:\Users\Jon Andre Ottesen\AppData\Local\Programs\MiKTeX 2.9\tex/latex/blindt
ext\blindtext.sty"
Package: blindtext 2012/01/06 V2.0 blindtext-Package

("C:\Users\Jon Andre Ottesen\AppData\Local\Programs\MiKTeX 2.9\tex/latex/tools\
xspace.sty"
Package: xspace 2014/10/28 v1.13 Space after command names (DPC,MH)
)
\c@blindtext=\count129
\c@Blindtext=\count130
\c@blind@countparstart=\count131
\blind@countxx=\count132
\blindtext@numBlindtext=\count133
\blind@countyy=\count134
\c@blindlist=\count135
\c@blindlistlevel=\count136
\c@blindlist@level=\count137
\blind@listitem=\count138
\c@blind@listcount=\count139
\c@blind@levelcount=\count140
\blind@mathformula=\count141
\blind@Mathformula=\count142
\c@blind@randomcount=\count143
\c@blind@randommax=\count144
\c@blind@pangramcount=\count145
\c@blind@pangrammax=\count146
)
("C:\Users\Jon Andre Ottesen\AppData\Local\Programs\MiKTeX 2.9\tex/latex/enumit
em\enumitem.sty"
Package: enumitem 2019/06/20 v3.9 Customized lists
\labelindent=\skip53
\enit@outerparindent=\dimen128
\enit@toks=\toks32
\enit@inbox=\box49
\enit@count@id=\count147
\enitdp@description=\count148
)
("C:\Users\Jon Andre Ottesen\AppData\Local\Programs\MiKTeX 2.9\tex/latex/captio
n\subcaption.sty"
Package: subcaption 2019/09/01 v1.3a Sub-captions (AR)

("C:\Users\Jon Andre Ottesen\AppData\Local\Programs\MiKTeX 2.9\tex/latex/captio
n\caption.sty"
Package: caption 2019/09/01 v3.3d Customizing captions (AR)

("C:\Users\Jon Andre Ottesen\AppData\Local\Programs\MiKTeX 2.9\tex/latex/captio
n\caption3.sty"
Package: caption3 2019/09/01 v1.8d caption3 kernel (AR)
Package caption3 Info: TeX engine: e-TeX on input line 64.
\captionmargin=\dimen129
\captionmargin@=\dimen130
\captionwidth=\dimen131
\caption@tempdima=\dimen132
\caption@indent=\dimen133
\caption@parindent=\dimen134
\caption@hangindent=\dimen135
Package caption Info: Unknown document class (or package),
(caption)             standard defaults will be used.
)

Package caption Warning: Unsupported document class (or package) detected,
(caption)                usage of the caption package is not recommended.
See the caption package documentation for explanation.

Package caption Info: \@makecaption = \long macro:#1#2->\par \vskip \abovecapti
onskip \begingroup \small \rmfamily \sbox \@tempboxa {\let \\\heading@cr \@make
@capt@title {#1}{#2}}\@ifdim {\wd \@tempboxa >\hsize }{\begingroup \samepage \f
lushing \let \footnote \@footnotemark@gobble \@make@capt@title {#1}{#2}\par \en
dgroup }{\global \@minipagefalse \hb@xt@ \hsize {\hfil \unhbox \@tempboxa \hfil
 }}\endgroup \vskip \belowcaptionskip .
\c@caption@flags=\count149
\c@ContinuedFloat=\count150
Package caption Info: float package is loaded.
Package caption Info: hyperref package is loaded.
)
\c@subfigure=\count151
\c@subtable=\count152
)
("C:\Users\Jon Andre Ottesen\AppData\Local\Programs\MiKTeX 2.9\tex/latex/base\t
extcomp.sty"
Package: textcomp 2018/08/11 v2.0j Standard LaTeX package
Package textcomp Info: Sub-encoding information:
(textcomp)               5 = only ISO-Adobe without \textcurrency
(textcomp)               4 = 5 + \texteuro
(textcomp)               3 = 4 + \textohm
(textcomp)               2 = 3 + \textestimated + \textcurrency
(textcomp)               1 = TS1 - \textcircled - \t
(textcomp)               0 = TS1 (full)
(textcomp)             Font families with sub-encoding setting implement
(textcomp)             only a restricted character set as indicated.
(textcomp)             Family '?' is the default used for unknown fonts.
(textcomp)             See the documentation for details.
Package textcomp Info: Setting ? sub-encoding to TS1/1 on input line 79.

("C:\Users\Jon Andre Ottesen\AppData\Local\Programs\MiKTeX 2.9\tex/latex/base\t
s1enc.def"
File: ts1enc.def 2001/06/05 v3.0e (jk/car/fm) Standard LaTeX file
Now handling font encoding TS1 ...
... processing UTF-8 mapping file for font encoding TS1

("C:\Users\Jon Andre Ottesen\AppData\Local\Programs\MiKTeX 2.9\tex/latex/base\t
s1enc.dfu"
File: ts1enc.dfu 2018/10/05 v1.2f UTF-8 support for inputenc
   defining Unicode char U+00A2 (decimal 162)
   defining Unicode char U+00A3 (decimal 163)
   defining Unicode char U+00A4 (decimal 164)
   defining Unicode char U+00A5 (decimal 165)
   defining Unicode char U+00A6 (decimal 166)
   defining Unicode char U+00A7 (decimal 167)
   defining Unicode char U+00A8 (decimal 168)
   defining Unicode char U+00A9 (decimal 169)
   defining Unicode char U+00AA (decimal 170)
   defining Unicode char U+00AC (decimal 172)
   defining Unicode char U+00AE (decimal 174)
   defining Unicode char U+00AF (decimal 175)
   defining Unicode char U+00B0 (decimal 176)
   defining Unicode char U+00B1 (decimal 177)
   defining Unicode char U+00B2 (decimal 178)
   defining Unicode char U+00B3 (decimal 179)
   defining Unicode char U+00B4 (decimal 180)
   defining Unicode char U+00B5 (decimal 181)
   defining Unicode char U+00B6 (decimal 182)
   defining Unicode char U+00B7 (decimal 183)
   defining Unicode char U+00B9 (decimal 185)
   defining Unicode char U+00BA (decimal 186)
   defining Unicode char U+00BC (decimal 188)
   defining Unicode char U+00BD (decimal 189)
   defining Unicode char U+00BE (decimal 190)
   defining Unicode char U+00D7 (decimal 215)
   defining Unicode char U+00F7 (decimal 247)
   defining Unicode char U+0192 (decimal 402)
   defining Unicode char U+02C7 (decimal 711)
   defining Unicode char U+02D8 (decimal 728)
   defining Unicode char U+02DD (decimal 733)
   defining Unicode char U+0E3F (decimal 3647)
   defining Unicode char U+2016 (decimal 8214)
   defining Unicode char U+2020 (decimal 8224)
   defining Unicode char U+2021 (decimal 8225)
   defining Unicode char U+2022 (decimal 8226)
   defining Unicode char U+2030 (decimal 8240)
   defining Unicode char U+2031 (decimal 8241)
   defining Unicode char U+203B (decimal 8251)
   defining Unicode char U+203D (decimal 8253)
   defining Unicode char U+2044 (decimal 8260)
   defining Unicode char U+204E (decimal 8270)
   defining Unicode char U+2052 (decimal 8274)
   defining Unicode char U+20A1 (decimal 8353)
   defining Unicode char U+20A4 (decimal 8356)
   defining Unicode char U+20A6 (decimal 8358)
   defining Unicode char U+20A9 (decimal 8361)
   defining Unicode char U+20AB (decimal 8363)
   defining Unicode char U+20AC (decimal 8364)
   defining Unicode char U+20B1 (decimal 8369)
   defining Unicode char U+2103 (decimal 8451)
   defining Unicode char U+2116 (decimal 8470)
   defining Unicode char U+2117 (decimal 8471)
   defining Unicode char U+211E (decimal 8478)
   defining Unicode char U+2120 (decimal 8480)
   defining Unicode char U+2122 (decimal 8482)
   defining Unicode char U+2126 (decimal 8486)
   defining Unicode char U+2127 (decimal 8487)
   defining Unicode char U+212E (decimal 8494)
   defining Unicode char U+2190 (decimal 8592)
   defining Unicode char U+2191 (decimal 8593)
   defining Unicode char U+2192 (decimal 8594)
   defining Unicode char U+2193 (decimal 8595)
   defining Unicode char U+2329 (decimal 9001)
   defining Unicode char U+232A (decimal 9002)
   defining Unicode char U+2422 (decimal 9250)
   defining Unicode char U+25E6 (decimal 9702)
   defining Unicode char U+25EF (decimal 9711)
   defining Unicode char U+266A (decimal 9834)
   defining Unicode char U+FEFF (decimal 65279)
))
LaTeX Info: Redefining \oldstylenums on input line 334.
Package textcomp Info: Setting cmr sub-encoding to TS1/0 on input line 349.
Package textcomp Info: Setting cmss sub-encoding to TS1/0 on input line 350.
Package textcomp Info: Setting cmtt sub-encoding to TS1/0 on input line 351.
Package textcomp Info: Setting cmvtt sub-encoding to TS1/0 on input line 352.
Package textcomp Info: Setting cmbr sub-encoding to TS1/0 on input line 353.
Package textcomp Info: Setting cmtl sub-encoding to TS1/0 on input line 354.
Package textcomp Info: Setting ccr sub-encoding to TS1/0 on input line 355.
Package textcomp Info: Setting ptm sub-encoding to TS1/4 on input line 356.
Package textcomp Info: Setting pcr sub-encoding to TS1/4 on input line 357.
Package textcomp Info: Setting phv sub-encoding to TS1/4 on input line 358.
Package textcomp Info: Setting ppl sub-encoding to TS1/3 on input line 359.
Package textcomp Info: Setting pag sub-encoding to TS1/4 on input line 360.
Package textcomp Info: Setting pbk sub-encoding to TS1/4 on input line 361.
Package textcomp Info: Setting pnc sub-encoding to TS1/4 on input line 362.
Package textcomp Info: Setting pzc sub-encoding to TS1/4 on input line 363.
Package textcomp Info: Setting bch sub-encoding to TS1/4 on input line 364.
Package textcomp Info: Setting put sub-encoding to TS1/5 on input line 365.
Package textcomp Info: Setting uag sub-encoding to TS1/5 on input line 366.
Package textcomp Info: Setting ugq sub-encoding to TS1/5 on input line 367.
Package textcomp Info: Setting ul8 sub-encoding to TS1/4 on input line 368.
Package textcomp Info: Setting ul9 sub-encoding to TS1/4 on input line 369.
Package textcomp Info: Setting augie sub-encoding to TS1/5 on input line 370.
Package textcomp Info: Setting dayrom sub-encoding to TS1/3 on input line 371.
Package textcomp Info: Setting dayroms sub-encoding to TS1/3 on input line 372.

Package textcomp Info: Setting pxr sub-encoding to TS1/0 on input line 373.
Package textcomp Info: Setting pxss sub-encoding to TS1/0 on input line 374.
Package textcomp Info: Setting pxtt sub-encoding to TS1/0 on input line 375.
Package textcomp Info: Setting txr sub-encoding to TS1/0 on input line 376.
Package textcomp Info: Setting txss sub-encoding to TS1/0 on input line 377.
Package textcomp Info: Setting txtt sub-encoding to TS1/0 on input line 378.
Package textcomp Info: Setting lmr sub-encoding to TS1/0 on input line 379.
Package textcomp Info: Setting lmdh sub-encoding to TS1/0 on input line 380.
Package textcomp Info: Setting lmss sub-encoding to TS1/0 on input line 381.
Package textcomp Info: Setting lmssq sub-encoding to TS1/0 on input line 382.
Package textcomp Info: Setting lmvtt sub-encoding to TS1/0 on input line 383.
Package textcomp Info: Setting lmtt sub-encoding to TS1/0 on input line 384.
Package textcomp Info: Setting qhv sub-encoding to TS1/0 on input line 385.
Package textcomp Info: Setting qag sub-encoding to TS1/0 on input line 386.
Package textcomp Info: Setting qbk sub-encoding to TS1/0 on input line 387.
Package textcomp Info: Setting qcr sub-encoding to TS1/0 on input line 388.
Package textcomp Info: Setting qcs sub-encoding to TS1/0 on input line 389.
Package textcomp Info: Setting qpl sub-encoding to TS1/0 on input line 390.
Package textcomp Info: Setting qtm sub-encoding to TS1/0 on input line 391.
Package textcomp Info: Setting qzc sub-encoding to TS1/0 on input line 392.
Package textcomp Info: Setting qhvc sub-encoding to TS1/0 on input line 393.
Package textcomp Info: Setting futs sub-encoding to TS1/4 on input line 394.
Package textcomp Info: Setting futx sub-encoding to TS1/4 on input line 395.
Package textcomp Info: Setting futj sub-encoding to TS1/4 on input line 396.
Package textcomp Info: Setting hlh sub-encoding to TS1/3 on input line 397.
Package textcomp Info: Setting hls sub-encoding to TS1/3 on input line 398.
Package textcomp Info: Setting hlst sub-encoding to TS1/3 on input line 399.
Package textcomp Info: Setting hlct sub-encoding to TS1/5 on input line 400.
Package textcomp Info: Setting hlx sub-encoding to TS1/5 on input line 401.
Package textcomp Info: Setting hlce sub-encoding to TS1/5 on input line 402.
Package textcomp Info: Setting hlcn sub-encoding to TS1/5 on input line 403.
Package textcomp Info: Setting hlcw sub-encoding to TS1/5 on input line 404.
Package textcomp Info: Setting hlcf sub-encoding to TS1/5 on input line 405.
Package textcomp Info: Setting pplx sub-encoding to TS1/3 on input line 406.
Package textcomp Info: Setting pplj sub-encoding to TS1/3 on input line 407.
Package textcomp Info: Setting ptmx sub-encoding to TS1/4 on input line 408.
Package textcomp Info: Setting ptmj sub-encoding to TS1/4 on input line 409.
)
("C:\Users\Jon Andre Ottesen\AppData\Local\Programs\MiKTeX 2.9\tex/latex/listin
gs\listings.sty"
\lst@mode=\count153
\lst@gtempboxa=\box50
\lst@token=\toks33
\lst@length=\count154
\lst@currlwidth=\dimen136
\lst@column=\count155
\lst@pos=\count156
\lst@lostspace=\dimen137
\lst@width=\dimen138
\lst@newlines=\count157
\lst@lineno=\count158
\lst@maxwidth=\dimen139

("C:\Users\Jon Andre Ottesen\AppData\Local\Programs\MiKTeX 2.9\tex/latex/listin
gs\lstmisc.sty"
File: lstmisc.sty 2019/09/10 1.8c (Carsten Heinz)
\c@lstnumber=\count159
\lst@skipnumbers=\count160
\lst@framebox=\box51
)
("C:\Users\Jon Andre Ottesen\AppData\Local\Programs\MiKTeX 2.9\tex/latex/listin
gs\listings.cfg"
File: listings.cfg 2019/09/10 1.8c listings configuration
))
Package: listings 2019/09/10 1.8c (Carsten Heinz)

("C:\Users\Jon Andre Ottesen\AppData\Local\Programs\MiKTeX 2.9\tex/latex/listin
gs\lstlang1.sty"
File: lstlang1.sty 2019/09/10 1.8c listings language file
)
\c@subproject=\count161

("C:\Users\Jon Andre Ottesen\AppData\Local\Programs\MiKTeX 2.9\tex/latex/tools\
dcolumn.sty"
Package: dcolumn 2014/10/28 v1.06 decimal alignment package (DPC)
)
("C:\Users\Jon Andre Ottesen\AppData\Local\Programs\MiKTeX 2.9\tex/latex/tools\
bm.sty"
Package: bm 2017/01/16 v1.2c Bold Symbol Support (DPC/FMi)
\symboldoperators=\mathgroup6
\symboldletters=\mathgroup7
\symboldsymbols=\mathgroup8
LaTeX Font Info:    Redeclaring math alphabet \mathbf on input line 141.
LaTeX Info: Redefining \bm on input line 207.
)
Class revtex4-1 Info: colortbl package is loaded. (Proceeding with fingers cros
sed.) on input line 75.


Class revtex4-1 Warning: Repair the float package.

Class revtex4-1 Info: Robustifying \LaTeX's \boldmath command on input line 75.

Class revtex4-1 Info: cite was not loaded (OK!) on input line 75.
Class revtex4-1 Info: mcite was not loaded (OK!) on input line 75.
Class revtex4-1 Info: multicol was not loaded (OK!) on input line 75.

LaTeX Warning: Unused global option(s):
    [uio,jmp].

(project_1.aux)
\openout1 = `project_1.aux'.

LaTeX Font Info:    Checking defaults for OML/cmm/m/it on input line 75.
LaTeX Font Info:    ... okay on input line 75.
LaTeX Font Info:    Checking defaults for T1/cmr/m/n on input line 75.
LaTeX Font Info:    ... okay on input line 75.
LaTeX Font Info:    Checking defaults for OT1/cmr/m/n on input line 75.
LaTeX Font Info:    ... okay on input line 75.
LaTeX Font Info:    Checking defaults for OMS/cmsy/m/n on input line 75.
LaTeX Font Info:    ... okay on input line 75.
LaTeX Font Info:    Checking defaults for OMX/cmex/m/n on input line 75.
LaTeX Font Info:    ... okay on input line 75.
LaTeX Font Info:    Checking defaults for U/cmr/m/n on input line 75.
LaTeX Font Info:    ... okay on input line 75.
LaTeX Font Info:    Checking defaults for PD1/pdf/m/n on input line 75.
LaTeX Font Info:    ... okay on input line 75.
LaTeX Font Info:    Checking defaults for TS1/cmr/m/n on input line 75.
LaTeX Font Info:    Try loading font information for TS1+cmr on input line 75.

("C:\Users\Jon Andre Ottesen\AppData\Local\Programs\MiKTeX 2.9\tex/latex/base\t
s1cmr.fd"
File: ts1cmr.fd 2014/09/29 v2.5h Standard LaTeX font definitions
)
LaTeX Font Info:    ... okay on input line 75.

("C:\Users\Jon Andre Ottesen\AppData\Local\Programs\MiKTeX 2.9\tex/context/base
/mkii\supp-pdf.mkii"
[Loading MPS to PDF converter (version 2006.09.02).]
\scratchcounter=\count162
\scratchdimen=\dimen140
\scratchbox=\box52
\nofMPsegments=\count163
\nofMParguments=\count164
\everyMPshowfont=\toks34
\MPscratchCnt=\count165
\MPscratchDim=\dimen141
\MPnumerator=\count166
\makeMPintoPDFobject=\count167
\everyMPtoPDFconversion=\toks35
)
("C:\Users\Jon Andre Ottesen\AppData\Local\Programs\MiKTeX 2.9\tex/latex/oberdi
ek\epstopdf-base.sty"
Package: epstopdf-base 2016/05/15 v2.6 Base part for package epstopdf

("C:\Users\Jon Andre Ottesen\AppData\Local\Programs\MiKTeX 2.9\tex/latex/oberdi
ek\grfext.sty"
Package: grfext 2016/05/16 v1.2 Manage graphics extensions (HO)
)
Package epstopdf-base Info: Redefining graphics rule for `.eps' on input line 4
38.
Package grfext Info: Graphics extension search list:
(grfext)             [.pdf,.png,.jpg,.mps,.jpeg,.jbig2,.jb2,.PDF,.PNG,.JPG,.JPE
G,.JBIG2,.JB2,.eps]
(grfext)             \AppendGraphicsExtensions on input line 456.
)
*geometry* driver: auto-detecting
*geometry* detected driver: pdftex
*geometry* verbose mode - [ preamble ] result:
* driver: pdftex
* paper: <default>
* layout: <same size as paper>
* layoutoffset:(h,v)=(0.0pt,0.0pt)
* modes: 
* h-part:(L,W,R)=(92.14519pt, 430.00462pt, 92.14519pt)
* v-part:(T,H,B)=(95.39737pt, 556.47656pt, 143.09605pt)
* \paperwidth=614.295pt
* \paperheight=794.96999pt
* \textwidth=430.00462pt
* \textheight=556.47656pt
* \oddsidemargin=19.8752pt
* \evensidemargin=19.8752pt
* \topmargin=-17.87262pt
* \headheight=25.0pt
* \headsep=16.0pt
* \topskip=10.0pt
* \footskip=30.0pt
* \marginparwidth=30.0pt
* \marginparsep=6.0pt
* \columnsep=18.0pt
* \skip\footins=39.0pt plus 4.0pt minus 12.0pt
* \hoffset=0.0pt
* \voffset=0.0pt
* \mag=1000
* \@twocolumnfalse
* \@twosidefalse
* \@mparswitchfalse
* \@reversemarginfalse
* (1in=72.27pt=25.4mm, 1cm=28.453pt)

\AtBeginShipoutBox=\box53
Package hyperref Info: Link coloring ON on input line 75.

("C:\Users\Jon Andre Ottesen\AppData\Local\Programs\MiKTeX 2.9\tex/latex/hyperr
ef\nameref.sty"
Package: nameref 2016/05/21 v2.44 Cross-referencing by name of section

("C:\Users\Jon Andre Ottesen\AppData\Local\Programs\MiKTeX 2.9\tex/generic/ober
diek\gettitlestring.sty"
Package: gettitlestring 2016/05/16 v1.5 Cleanup title references (HO)
)
\c@section@level=\count168
LaTeX Info: Redefining \Ref on input line 515.
)
LaTeX Info: Redefining \ref on input line 75.
LaTeX Info: Redefining \pageref on input line 75.
LaTeX Info: Redefining \nameref on input line 75.
 (project_1.out) (project_1.out)
\@outlinefile=\write6
\openout6 = `project_1.out'.

LaTeX Info: Redefining \Ref on input line 75.
Package caption Info: Begin \AtBeginDocument code.
Package caption Info: listings package is loaded.
Package caption Info: End \AtBeginDocument code.
\c@lstlisting=\count169
Class revtex4-1 Info: Taking \maketitle back from hyperref on input line 75.
\openout3 = `project_1Notes.bib'.

LaTeX Font Info:    Try loading font information for U+msa on input line 84.

("C:\Users\Jon Andre Ottesen\AppData\Local\Programs\MiKTeX 2.9\tex/latex/amsfon
ts\umsa.fd"
File: umsa.fd 2013/01/14 v3.01 AMS symbols A
)
LaTeX Font Info:    Try loading font information for U+msb on input line 84.

("C:\Users\Jon Andre Ottesen\AppData\Local\Programs\MiKTeX 2.9\tex/latex/amsfon
ts\umsb.fd"
File: umsb.fd 2013/01/14 v3.01 AMS symbols B
)

Class revtex4-1 Warning: Assuming \noaffiliation for authors.


Package hyperref Warning: Token not allowed in a PDF string (PDFDocEncoding):
(hyperref)                removing `\\' on input line 88.


Underfull \hbox (badness 10000) in paragraph at lines 95--95
  [][][][][]$\OT1/cmtt/m/n/8 https : / / github . com / CompPhysics /
 []


Underfull \hbox (badness 10000) in paragraph at lines 95--95
 \OT1/cmtt/m/n/8 MachineLearning / tree / master / doc / Projects /
 []

[1{C:/Users/Jon Andre Ottesen/AppData/Local/MiKTeX/2.9/pdftex/config/pdftex.map
}] [2]
Overfull \hbox (17.53935pt too wide) detected at line 221
[]
 []

[3]
Overfull \hbox (17.87529pt too wide) detected at line 245
[]
 []

[4]
Underfull \hbox (badness 10000) in paragraph at lines 303--306
[][]$\OT1/cmtt/m/n/10 https : / / github . com / JonOttesen /
 []


Underfull \hbox (badness 1661) in paragraph at lines 303--306
\OT1/cmr/m/n/10 and \OT1/cmtt/m/n/10 regression.py \OT1/cmr/m/n/10 is the ge-ne
-ral mo-du-le
 []


Underfull \hbox (badness 1194) in paragraph at lines 303--306
\OT1/cmr/m/n/10 func-tion and \OT1/cmtt/m/n/10 terrain.py \OT1/cmr/m/n/10 is th
e file which
 []


Underfull \hbox (badness 10000) in paragraph at lines 309--312
[][]$\OT1/cmtt/m/n/10 https : / / github . com / CompPhysics /
 []


Underfull \hbox (badness 10000) in paragraph at lines 309--312
\OT1/cmtt/m/n/10 MachineLearning / tree / master / doc /
 []


Underfull \hbox (badness 10000) in paragraph at lines 309--312
\OT1/cmr/m/n/10 and the data-fi-le used is the
 []

[5]
Underfull \hbox (badness 5403) in paragraph at lines 334--335
[]\OT1/cmr/m/n/10 With the SVD cal-cu-lated the re-gres-sion
 []


Underfull \hbox (badness 10000) in paragraph at lines 334--335
\OT1/cmr/m/n/10 met-hod OLS is cal-cu-lated by equa-tion
 []


Underfull \hbox (badness 1147) in paragraph at lines 334--335
[][]\OT1/cmr/m/n/10 II.28[][] whi-le rid-ge is cal-cu-lated by equa-tion
 []


Underfull \hbox (badness 4713) in paragraph at lines 334--335
[][]\OT1/cmr/m/n/10 II.29[][]. Las-so is cal-cu-lated by sklearn by
 []

[6] [7]

Package hyperref Warning: Difference (2) between bookmark levels is greater 
(hyperref)                than one, level fixed on input line 387.

<C:/Users/Jon Andre Ottesen/Documents/UiO/H2019/Python/FYS-STK4155/Project1/Res
ults/Frankewnoise.png, id=281, 867.24pt x 505.89pt>
File: C:/Users/Jon Andre Ottesen/Documents/UiO/H2019/Python/FYS-STK4155/Project
1/Results/Frankewnoise.png Graphic file (type png)
<use C:/Users/Jon Andre Ottesen/Documents/UiO/H2019/Python/FYS-STK4155/Project1
/Results/Frankewnoise.png>
Package pdftex.def Info: C:/Users/Jon Andre Ottesen/Documents/UiO/H2019/Python/
FYS-STK4155/Project1/Results/Frankewnoise.png  used on input line 393.
(pdftex.def)             Requested size: 258.00539pt x 150.5022pt.

Overfull \hbox (52.00308pt too wide) in paragraph at lines 393--394
 [][] 
 []

<C:/Users/Jon Andre Ottesen/Documents/UiO/H2019/Python/FYS-STK4155/Project1/Res
ults/Ridge_and_smalllamba.png, id=305, 462.528pt x 346.896pt>
File: C:/Users/Jon Andre Ottesen/Documents/UiO/H2019/Python/FYS-STK4155/Project
1/Results/Ridge_and_smalllamba.png Graphic file (type png)
<use C:/Users/Jon Andre Ottesen/Documents/UiO/H2019/Python/FYS-STK4155/Project1
/Results/Ridge_and_smalllamba.png>
Package pdftex.def Info: C:/Users/Jon Andre Ottesen/Documents/UiO/H2019/Python/
FYS-STK4155/Project1/Results/Ridge_and_smalllamba.png  used on input line 474.
(pdftex.def)             Requested size: 215.0023pt x 161.25203pt.

Overfull \hbox (9.0pt too wide) in paragraph at lines 474--475
 [][] 
 []

[8 <C:/Users/Jon Andre Ottesen/Documents/UiO/H2019/Python/FYS-STK4155/Project1/
Results/Frankewnoise.png>]

LaTeX Warning: A float is stuck (cannot be placed); try class option [floatfix]
 on input line 478.

[9]
<C:/Users/Jon Andre Ottesen/Documents/UiO/H2019/Python/FYS-STK4155/Project1/Res
ults/Lasso_and_smalllambda.png, id=326, 462.528pt x 346.896pt>
File: C:/Users/Jon Andre Ottesen/Documents/UiO/H2019/Python/FYS-STK4155/Project
1/Results/Lasso_and_smalllambda.png Graphic file (type png)
<use C:/Users/Jon Andre Ottesen/Documents/UiO/H2019/Python/FYS-STK4155/Project1
/Results/Lasso_and_smalllambda.png>
Package pdftex.def Info: C:/Users/Jon Andre Ottesen/Documents/UiO/H2019/Python/
FYS-STK4155/Project1/Results/Lasso_and_smalllambda.png  used on input line 481.

(pdftex.def)             Requested size: 215.0023pt x 161.25203pt.

Overfull \hbox (9.0pt too wide) in paragraph at lines 481--482
 [][] 
 []

<C:/Users/Jon Andre Ottesen/Documents/UiO/H2019/Python/FYS-STK4155/Project1/Res
ults/Hist_Olsk=10.png, id=332, 722.7pt x 505.89pt>
File: C:/Users/Jon Andre Ottesen/Documents/UiO/H2019/Python/FYS-STK4155/Project
1/Results/Hist_Olsk=10.png Graphic file (type png)
<use C:/Users/Jon Andre Ottesen/Documents/UiO/H2019/Python/FYS-STK4155/Project1
/Results/Hist_Olsk=10.png>
Package pdftex.def Info: C:/Users/Jon Andre Ottesen/Documents/UiO/H2019/Python/
FYS-STK4155/Project1/Results/Hist_Olsk=10.png  used on input line 501.
(pdftex.def)             Requested size: 215.0023pt x 150.5022pt.

Overfull \hbox (9.0pt too wide) in paragraph at lines 501--502
 [][] 
 []

<C:/Users/Jon Andre Ottesen/Documents/UiO/H2019/Python/FYS-STK4155/Project1/Res
ults/Hist_Ridgek=10.png, id=333, 722.7pt x 505.89pt>
File: C:/Users/Jon Andre Ottesen/Documents/UiO/H2019/Python/FYS-STK4155/Project
1/Results/Hist_Ridgek=10.png Graphic file (type png)
<use C:/Users/Jon Andre Ottesen/Documents/UiO/H2019/Python/FYS-STK4155/Project1
/Results/Hist_Ridgek=10.png>
Package pdftex.def Info: C:/Users/Jon Andre Ottesen/Documents/UiO/H2019/Python/
FYS-STK4155/Project1/Results/Hist_Ridgek=10.png  used on input line 508.
(pdftex.def)             Requested size: 215.0023pt x 150.5022pt.

Overfull \hbox (9.0pt too wide) in paragraph at lines 508--509
 [][] 
 []

[10 <C:/Users/Jon Andre Ottesen/Documents/UiO/H2019/Python/FYS-STK4155/Project1
/Results/Ridge_and_smalllamba.png> <C:/Users/Jon Andre Ottesen/Documents/UiO/H2
019/Python/FYS-STK4155/Project1/Results/Lasso_and_smalllambda.png> <C:/Users/Jo
n Andre Ottesen/Documents/UiO/H2019/Python/FYS-STK4155/Project1/Results/Hist_Ol
sk=10.png>]
<C:/Users/Jon Andre Ottesen/Documents/UiO/H2019/Python/FYS-STK4155/Project1/Res
ults/Hist_Lassok=10.png, id=346, 722.7pt x 505.89pt>
File: C:/Users/Jon Andre Ottesen/Documents/UiO/H2019/Python/FYS-STK4155/Project
1/Results/Hist_Lassok=10.png Graphic file (type png)
<use C:/Users/Jon Andre Ottesen/Documents/UiO/H2019/Python/FYS-STK4155/Project1
/Results/Hist_Lassok=10.png>
Package pdftex.def Info: C:/Users/Jon Andre Ottesen/Documents/UiO/H2019/Python/
FYS-STK4155/Project1/Results/Hist_Lassok=10.png  used on input line 515.
(pdftex.def)             Requested size: 215.0023pt x 150.5022pt.

Overfull \hbox (9.0pt too wide) in paragraph at lines 515--516
 [][] 
 []

<C:/Users/Jon Andre Ottesen/Documents/UiO/H2019/Python/FYS-STK4155/Project1/Res
ults/tradeoff2MSEOLS.png, id=350, 462.528pt x 346.896pt>
File: C:/Users/Jon Andre Ottesen/Documents/UiO/H2019/Python/FYS-STK4155/Project
1/Results/tradeoff2MSEOLS.png Graphic file (type png)
<use C:/Users/Jon Andre Ottesen/Documents/UiO/H2019/Python/FYS-STK4155/Project1
/Results/tradeoff2MSEOLS.png>
Package pdftex.def Info: C:/Users/Jon Andre Ottesen/Documents/UiO/H2019/Python/
FYS-STK4155/Project1/Results/tradeoff2MSEOLS.png  used on input line 526.
(pdftex.def)             Requested size: 215.0023pt x 161.25203pt.

Overfull \hbox (9.0pt too wide) in paragraph at lines 526--527
 [][] 
 []

<C:/Users/Jon Andre Ottesen/Documents/UiO/H2019/Python/FYS-STK4155/Project1/Res
ults/tradeoff2R2OLS.png, id=351, 462.528pt x 346.896pt>
File: C:/Users/Jon Andre Ottesen/Documents/UiO/H2019/Python/FYS-STK4155/Project
1/Results/tradeoff2R2OLS.png Graphic file (type png)
<use C:/Users/Jon Andre Ottesen/Documents/UiO/H2019/Python/FYS-STK4155/Project1
/Results/tradeoff2R2OLS.png>
Package pdftex.def Info: C:/Users/Jon Andre Ottesen/Documents/UiO/H2019/Python/
FYS-STK4155/Project1/Results/tradeoff2R2OLS.png  used on input line 533.
(pdftex.def)             Requested size: 215.0023pt x 161.25203pt.

Overfull \hbox (9.0pt too wide) in paragraph at lines 533--534
 [][] 
 []

[11 <C:/Users/Jon Andre Ottesen/Documents/UiO/H2019/Python/FYS-STK4155/Project1
/Results/Hist_Ridgek=10.png> <C:/Users/Jon Andre Ottesen/Documents/UiO/H2019/Py
thon/FYS-STK4155/Project1/Results/Hist_Lassok=10.png> <C:/Users/Jon Andre Ottes
en/Documents/UiO/H2019/Python/FYS-STK4155/Project1/Results/tradeoff2MSEOLS.png>
]
<C:/Users/Jon Andre Ottesen/Documents/UiO/H2019/Python/FYS-STK4155/Project1/Res
ults/bias_varianceOLS.png, id=362, 462.528pt x 346.896pt>
File: C:/Users/Jon Andre Ottesen/Documents/UiO/H2019/Python/FYS-STK4155/Project
1/Results/bias_varianceOLS.png Graphic file (type png)
<use C:/Users/Jon Andre Ottesen/Documents/UiO/H2019/Python/FYS-STK4155/Project1
/Results/bias_varianceOLS.png>
Package pdftex.def Info: C:/Users/Jon Andre Ottesen/Documents/UiO/H2019/Python/
FYS-STK4155/Project1/Results/bias_varianceOLS.png  used on input line 541.
(pdftex.def)             Requested size: 215.0023pt x 161.25203pt.

Overfull \hbox (9.0pt too wide) in paragraph at lines 541--542
 [][] 
 []

<C:/Users/Jon Andre Ottesen/Documents/UiO/H2019/Python/FYS-STK4155/Project1/Res
ults/ridge_lasso_high_order_poly_data.png, id=371, 462.528pt x 346.896pt>
File: C:/Users/Jon Andre Ottesen/Documents/UiO/H2019/Python/FYS-STK4155/Project
1/Results/ridge_lasso_high_order_poly_data.png Graphic file (type png)
<use C:/Users/Jon Andre Ottesen/Documents/UiO/H2019/Python/FYS-STK4155/Project1
/Results/ridge_lasso_high_order_poly_data.png>
Package pdftex.def Info: C:/Users/Jon Andre Ottesen/Documents/UiO/H2019/Python/
FYS-STK4155/Project1/Results/ridge_lasso_high_order_poly_data.png  used on inpu
t line 550.
(pdftex.def)             Requested size: 215.0023pt x 161.25203pt.

Overfull \hbox (9.0pt too wide) in paragraph at lines 550--551
 [][] 
 []

<C:/Users/Jon Andre Ottesen/Documents/UiO/H2019/Python/FYS-STK4155/Project1/Res
ults/ridge_lasso_high_order_poly.png, id=374, 462.528pt x 346.896pt>
File: C:/Users/Jon Andre Ottesen/Documents/UiO/H2019/Python/FYS-STK4155/Project
1/Results/ridge_lasso_high_order_poly.png Graphic file (type png)
<use C:/Users/Jon Andre Ottesen/Documents/UiO/H2019/Python/FYS-STK4155/Project1
/Results/ridge_lasso_high_order_poly.png>
Package pdftex.def Info: C:/Users/Jon Andre Ottesen/Documents/UiO/H2019/Python/
FYS-STK4155/Project1/Results/ridge_lasso_high_order_poly.png  used on input lin
e 557.
(pdftex.def)             Requested size: 215.0023pt x 161.25203pt.

Overfull \hbox (9.0pt too wide) in paragraph at lines 557--558
 [][] 
 []

[12 <C:/Users/Jon Andre Ottesen/Documents/UiO/H2019/Python/FYS-STK4155/Project1
/Results/tradeoff2R2OLS.png> <C:/Users/Jon Andre Ottesen/Documents/UiO/H2019/Py
thon/FYS-STK4155/Project1/Results/bias_varianceOLS.png> <C:/Users/Jon Andre Ott
esen/Documents/UiO/H2019/Python/FYS-STK4155/Project1/Results/ridge_lasso_high_o
rder_poly_data.png>]
<C:/Users/Jon Andre Ottesen/Documents/UiO/H2019/Python/FYS-STK4155/Project1/Res
ults/ridge_3d_plot.png, id=409, 867.24pt x 505.89pt>
File: C:/Users/Jon Andre Ottesen/Documents/UiO/H2019/Python/FYS-STK4155/Project
1/Results/ridge_3d_plot.png Graphic file (type png)
<use C:/Users/Jon Andre Ottesen/Documents/UiO/H2019/Python/FYS-STK4155/Project1
/Results/ridge_3d_plot.png>
Package pdftex.def Info: C:/Users/Jon Andre Ottesen/Documents/UiO/H2019/Python/
FYS-STK4155/Project1/Results/ridge_3d_plot.png  used on input line 603.
(pdftex.def)             Requested size: 236.50385pt x 137.95842pt.

Overfull \hbox (30.50154pt too wide) in paragraph at lines 603--604
 [][] 
 []

[13 <C:/Users/Jon Andre Ottesen/Documents/UiO/H2019/Python/FYS-STK4155/Project1
/Results/ridge_lasso_high_order_poly.png>]
<C:/Users/Jon Andre Ottesen/Documents/UiO/H2019/Python/FYS-STK4155/Project1/Res
ults/tradeoff2MSEOLSlarge_n.png, id=423, 462.528pt x 346.896pt>
File: C:/Users/Jon Andre Ottesen/Documents/UiO/H2019/Python/FYS-STK4155/Project
1/Results/tradeoff2MSEOLSlarge_n.png Graphic file (type png)
<use C:/Users/Jon Andre Ottesen/Documents/UiO/H2019/Python/FYS-STK4155/Project1
/Results/tradeoff2MSEOLSlarge_n.png>
Package pdftex.def Info: C:/Users/Jon Andre Ottesen/Documents/UiO/H2019/Python/
FYS-STK4155/Project1/Results/tradeoff2MSEOLSlarge_n.png  used on input line 612
.
(pdftex.def)             Requested size: 215.0023pt x 161.25203pt.

Overfull \hbox (9.0pt too wide) in paragraph at lines 612--613
 [][] 
 []

<C:/Users/Jon Andre Ottesen/Documents/UiO/H2019/Python/FYS-STK4155/Project1/Res
ults_terrain/terrain_data.png, id=429, 462.528pt x 346.896pt>
File: C:/Users/Jon Andre Ottesen/Documents/UiO/H2019/Python/FYS-STK4155/Project
1/Results_terrain/terrain_data.png Graphic file (type png)
<use C:/Users/Jon Andre Ottesen/Documents/UiO/H2019/Python/FYS-STK4155/Project1
/Results_terrain/terrain_data.png>
Package pdftex.def Info: C:/Users/Jon Andre Ottesen/Documents/UiO/H2019/Python/
FYS-STK4155/Project1/Results_terrain/terrain_data.png  used on input line 627.
(pdftex.def)             Requested size: 215.0023pt x 161.25203pt.

Overfull \hbox (9.0pt too wide) in paragraph at lines 627--628
 [][] 
 []


Underfull \hbox (badness 3291) in paragraph at lines 628--628
\OT1/cmr/m/n/10 used from file ``SRTM[]data[]Norway[]2"after
 []

<C:/Users/Jon Andre Ottesen/Documents/UiO/H2019/Python/FYS-STK4155/Project1/Res
ults_terrain/tradeoff_terrain.png, id=430, 462.528pt x 346.896pt>
File: C:/Users/Jon Andre Ottesen/Documents/UiO/H2019/Python/FYS-STK4155/Project
1/Results_terrain/tradeoff_terrain.png Graphic file (type png)
<use C:/Users/Jon Andre Ottesen/Documents/UiO/H2019/Python/FYS-STK4155/Project1
/Results_terrain/tradeoff_terrain.png>
Package pdftex.def Info: C:/Users/Jon Andre Ottesen/Documents/UiO/H2019/Python/
FYS-STK4155/Project1/Results_terrain/tradeoff_terrain.png  used on input line 6
34.
(pdftex.def)             Requested size: 215.0023pt x 161.25203pt.

Overfull \hbox (9.0pt too wide) in paragraph at lines 634--635
 [][] 
 []

[14 <C:/Users/Jon Andre Ottesen/Documents/UiO/H2019/Python/FYS-STK4155/Project1
/Results/ridge_3d_plot.png> <C:/Users/Jon Andre Ottesen/Documents/UiO/H2019/Pyt
hon/FYS-STK4155/Project1/Results/tradeoff2MSEOLSlarge_n.png> <C:/Users/Jon Andr
e Ottesen/Documents/UiO/H2019/Python/FYS-STK4155/Project1/Results_terrain/terra
in_data.png>]
<C:/Users/Jon Andre Ottesen/Documents/UiO/H2019/Python/FYS-STK4155/Project1/Res
ults_terrain/tradeoff_terrainR2.png, id=442, 462.528pt x 346.896pt>
File: C:/Users/Jon Andre Ottesen/Documents/UiO/H2019/Python/FYS-STK4155/Project
1/Results_terrain/tradeoff_terrainR2.png Graphic file (type png)
<use C:/Users/Jon Andre Ottesen/Documents/UiO/H2019/Python/FYS-STK4155/Project1
/Results_terrain/tradeoff_terrainR2.png>
Package pdftex.def Info: C:/Users/Jon Andre Ottesen/Documents/UiO/H2019/Python/
FYS-STK4155/Project1/Results_terrain/tradeoff_terrainR2.png  used on input line
 641.
(pdftex.def)             Requested size: 215.0023pt x 161.25203pt.

Overfull \hbox (9.0pt too wide) in paragraph at lines 641--642
 [][] 
 []

<C:/Users/Jon Andre Ottesen/Documents/UiO/H2019/Python/FYS-STK4155/Project1/Res
ults_terrain/Ridge_bad.png, id=455, 462.528pt x 346.896pt>
File: C:/Users/Jon Andre Ottesen/Documents/UiO/H2019/Python/FYS-STK4155/Project
1/Results_terrain/Ridge_bad.png Graphic file (type png)
<use C:/Users/Jon Andre Ottesen/Documents/UiO/H2019/Python/FYS-STK4155/Project1
/Results_terrain/Ridge_bad.png>
Package pdftex.def Info: C:/Users/Jon Andre Ottesen/Documents/UiO/H2019/Python/
FYS-STK4155/Project1/Results_terrain/Ridge_bad.png  used on input line 667.
(pdftex.def)             Requested size: 215.0023pt x 161.25203pt.

Overfull \hbox (9.0pt too wide) in paragraph at lines 667--668
 [][] 
 []

[15 <C:/Users/Jon Andre Ottesen/Documents/UiO/H2019/Python/FYS-STK4155/Project1
/Results_terrain/tradeoff_terrain.png> <C:/Users/Jon Andre Ottesen/Documents/Ui
O/H2019/Python/FYS-STK4155/Project1/Results_terrain/tradeoff_terrainR2.png>]

LaTeX Warning: A float is stuck (cannot be placed); try class option [floatfix]
 on input line 671.

<C:/Users/Jon Andre Ottesen/Documents/UiO/H2019/Python/FYS-STK4155/Project1/Res
ults_terrain/Lasso_bad.png, id=467, 462.528pt x 346.896pt>
File: C:/Users/Jon Andre Ottesen/Documents/UiO/H2019/Python/FYS-STK4155/Project
1/Results_terrain/Lasso_bad.png Graphic file (type png)
<use C:/Users/Jon Andre Ottesen/Documents/UiO/H2019/Python/FYS-STK4155/Project1
/Results_terrain/Lasso_bad.png>
Package pdftex.def Info: C:/Users/Jon Andre Ottesen/Documents/UiO/H2019/Python/
FYS-STK4155/Project1/Results_terrain/Lasso_bad.png  used on input line 674.
(pdftex.def)             Requested size: 215.0023pt x 161.25203pt.

Overfull \hbox (9.0pt too wide) in paragraph at lines 674--675
 [][] 
 []

<C:/Users/Jon Andre Ottesen/Documents/UiO/H2019/Python/FYS-STK4155/Project1/Res
ults_terrain/best_lambda_terrain.png, id=468, 462.528pt x 346.896pt>
File: C:/Users/Jon Andre Ottesen/Documents/UiO/H2019/Python/FYS-STK4155/Project
1/Results_terrain/best_lambda_terrain.png Graphic file (type png)
<use C:/Users/Jon Andre Ottesen/Documents/UiO/H2019/Python/FYS-STK4155/Project1
/Results_terrain/best_lambda_terrain.png>
Package pdftex.def Info: C:/Users/Jon Andre Ottesen/Documents/UiO/H2019/Python/
FYS-STK4155/Project1/Results_terrain/best_lambda_terrain.png  used on input lin
e 681.
(pdftex.def)             Requested size: 215.0023pt x 161.25203pt.

Overfull \hbox (9.0pt too wide) in paragraph at lines 681--682
 [][] 
 []

[16 <C:/Users/Jon Andre Ottesen/Documents/UiO/H2019/Python/FYS-STK4155/Project1
/Results_terrain/Ridge_bad.png> <C:/Users/Jon Andre Ottesen/Documents/UiO/H2019
/Python/FYS-STK4155/Project1/Results_terrain/Lasso_bad.png> <C:/Users/Jon Andre
 Ottesen/Documents/UiO/H2019/Python/FYS-STK4155/Project1/Results_terrain/best_l
ambda_terrain.png>]
<C:/Users/Jon Andre Ottesen/Documents/UiO/H2019/Python/FYS-STK4155/Project1/Res
ults_terrain/tradeoff_terrainridge.png, id=482, 462.528pt x 346.896pt>
File: C:/Users/Jon Andre Ottesen/Documents/UiO/H2019/Python/FYS-STK4155/Project
1/Results_terrain/tradeoff_terrainridge.png Graphic file (type png)
<use C:/Users/Jon Andre Ottesen/Documents/UiO/H2019/Python/FYS-STK4155/Project1
/Results_terrain/tradeoff_terrainridge.png>
Package pdftex.def Info: C:/Users/Jon Andre Ottesen/Documents/UiO/H2019/Python/
FYS-STK4155/Project1/Results_terrain/tradeoff_terrainridge.png  used on input l
ine 690.
(pdftex.def)             Requested size: 215.0023pt x 161.25203pt.

Overfull \hbox (9.0pt too wide) in paragraph at lines 690--691
 [][] 
 []


Overfull \hbox (68.72649pt too wide) in paragraph at lines 750--757
 []$[]$ 
 []

<C:/Users/Jon Andre Ottesen/Documents/UiO/H2019/Python/FYS-STK4155/Project1/Res
ults_terrain/terrainHist_Olsk=10.png, id=499, 722.7pt x 505.89pt>
File: C:/Users/Jon Andre Ottesen/Documents/UiO/H2019/Python/FYS-STK4155/Project
1/Results_terrain/terrainHist_Olsk=10.png Graphic file (type png)
<use C:/Users/Jon Andre Ottesen/Documents/UiO/H2019/Python/FYS-STK4155/Project1
/Results_terrain/terrainHist_Olsk=10.png>
Package pdftex.def Info: C:/Users/Jon Andre Ottesen/Documents/UiO/H2019/Python/
FYS-STK4155/Project1/Results_terrain/terrainHist_Olsk=10.png  used on input lin
e 763.
(pdftex.def)             Requested size: 215.0023pt x 150.5022pt.

Overfull \hbox (9.0pt too wide) in paragraph at lines 763--764
 [][] 
 []

[17 <C:/Users/Jon Andre Ottesen/Documents/UiO/H2019/Python/FYS-STK4155/Project1
/Results_terrain/tradeoff_terrainridge.png>]

LaTeX Warning: A float is stuck (cannot be placed); try class option [floatfix]
 on input line 767.

<C:/Users/Jon Andre Ottesen/Documents/UiO/H2019/Python/FYS-STK4155/Project1/Res
ults_terrain/colormap_terrain.png, id=513, 462.528pt x 346.896pt>
File: C:/Users/Jon Andre Ottesen/Documents/UiO/H2019/Python/FYS-STK4155/Project
1/Results_terrain/colormap_terrain.png Graphic file (type png)
<use C:/Users/Jon Andre Ottesen/Documents/UiO/H2019/Python/FYS-STK4155/Project1
/Results_terrain/colormap_terrain.png>
Package pdftex.def Info: C:/Users/Jon Andre Ottesen/Documents/UiO/H2019/Python/
FYS-STK4155/Project1/Results_terrain/colormap_terrain.png  used on input line 7
72.
(pdftex.def)             Requested size: 215.0023pt x 161.25203pt.

Overfull \hbox (9.0pt too wide) in paragraph at lines 772--773
 [][] 
 []

<C:/Users/Jon Andre Ottesen/Documents/UiO/H2019/Python/FYS-STK4155/Project1/Res
ults_terrain/colormap_terrain5th.png, id=514, 462.528pt x 346.896pt>
File: C:/Users/Jon Andre Ottesen/Documents/UiO/H2019/Python/FYS-STK4155/Project
1/Results_terrain/colormap_terrain5th.png Graphic file (type png)
<use C:/Users/Jon Andre Ottesen/Documents/UiO/H2019/Python/FYS-STK4155/Project1
/Results_terrain/colormap_terrain5th.png>
Package pdftex.def Info: C:/Users/Jon Andre Ottesen/Documents/UiO/H2019/Python/
FYS-STK4155/Project1/Results_terrain/colormap_terrain5th.png  used on input lin
e 779.
(pdftex.def)             Requested size: 215.0023pt x 161.25203pt.

Overfull \hbox (9.0pt too wide) in paragraph at lines 779--780
 [][] 
 []


Package hyperref Warning: Difference (2) between bookmark levels is greater 
(hyperref)                than one, level fixed on input line 786.

[18 <C:/Users/Jon Andre Ottesen/Documents/UiO/H2019/Python/FYS-STK4155/Project1
/Results_terrain/terrainHist_Olsk=10.png> <C:/Users/Jon Andre Ottesen/Documents
/UiO/H2019/Python/FYS-STK4155/Project1/Results_terrain/colormap_terrain.png> <C
:/Users/Jon Andre Ottesen/Documents/UiO/H2019/Python/FYS-STK4155/Project1/Resul
ts_terrain/colormap_terrain5th.png>] [19] [20] [21]
<C:/Users/Jon Andre Ottesen/Documents/UiO/H2019/Python/FYS-STK4155/Project1/Res
ults/Ridge_and_largelamba.png, id=574, 462.528pt x 346.896pt>
File: C:/Users/Jon Andre Ottesen/Documents/UiO/H2019/Python/FYS-STK4155/Project
1/Results/Ridge_and_largelamba.png Graphic file (type png)
<use C:/Users/Jon Andre Ottesen/Documents/UiO/H2019/Python/FYS-STK4155/Project1
/Results/Ridge_and_largelamba.png>
Package pdftex.def Info: C:/Users/Jon Andre Ottesen/Documents/UiO/H2019/Python/
FYS-STK4155/Project1/Results/Ridge_and_largelamba.png  used on input line 903.
(pdftex.def)             Requested size: 215.0023pt x 161.25203pt.

Overfull \hbox (9.0pt too wide) in paragraph at lines 903--904
 [][] 
 []

[22]
<C:/Users/Jon Andre Ottesen/Documents/UiO/H2019/Python/FYS-STK4155/Project1/Res
ults/Lasso_and_largelambda.png, id=581, 462.528pt x 346.896pt>
File: C:/Users/Jon Andre Ottesen/Documents/UiO/H2019/Python/FYS-STK4155/Project
1/Results/Lasso_and_largelambda.png Graphic file (type png)
<use C:/Users/Jon Andre Ottesen/Documents/UiO/H2019/Python/FYS-STK4155/Project1
/Results/Lasso_and_largelambda.png>
Package pdftex.def Info: C:/Users/Jon Andre Ottesen/Documents/UiO/H2019/Python/
FYS-STK4155/Project1/Results/Lasso_and_largelambda.png  used on input line 910.

(pdftex.def)             Requested size: 215.0023pt x 161.25203pt.

Overfull \hbox (9.0pt too wide) in paragraph at lines 910--911
 [][] 
 []

<C:/Users/Jon Andre Ottesen/Documents/UiO/H2019/Python/FYS-STK4155/Project1/Res
ults/ridge_lasso_high_order_polyMSE_data.png, id=584, 462.528pt x 346.896pt>
File: C:/Users/Jon Andre Ottesen/Documents/UiO/H2019/Python/FYS-STK4155/Project
1/Results/ridge_lasso_high_order_polyMSE_data.png Graphic file (type png)
<use C:/Users/Jon Andre Ottesen/Documents/UiO/H2019/Python/FYS-STK4155/Project1
/Results/ridge_lasso_high_order_polyMSE_data.png>
Package pdftex.def Info: C:/Users/Jon Andre Ottesen/Documents/UiO/H2019/Python/
FYS-STK4155/Project1/Results/ridge_lasso_high_order_polyMSE_data.png  used on i
nput line 917.
(pdftex.def)             Requested size: 215.0023pt x 161.25203pt.

Overfull \hbox (9.0pt too wide) in paragraph at lines 917--918
 [][] 
 []

<C:/Users/Jon Andre Ottesen/Documents/UiO/H2019/Python/FYS-STK4155/Project1/Res
ults/ridge_lasso_high_order_polyMSE.png, id=587, 462.528pt x 346.896pt>
File: C:/Users/Jon Andre Ottesen/Documents/UiO/H2019/Python/FYS-STK4155/Project
1/Results/ridge_lasso_high_order_polyMSE.png Graphic file (type png)
<use C:/Users/Jon Andre Ottesen/Documents/UiO/H2019/Python/FYS-STK4155/Project1
/Results/ridge_lasso_high_order_polyMSE.png>
Package pdftex.def Info: C:/Users/Jon Andre Ottesen/Documents/UiO/H2019/Python/
FYS-STK4155/Project1/Results/ridge_lasso_high_order_polyMSE.png  used on input 
line 924.
(pdftex.def)             Requested size: 215.0023pt x 161.25203pt.

Overfull \hbox (9.0pt too wide) in paragraph at lines 924--925
 [][] 
 []

<C:/Users/Jon Andre Ottesen/Documents/UiO/H2019/Python/FYS-STK4155/Project1/Res
ults/ridge_lasso_lambda_poly.png, id=590, 462.528pt x 346.896pt>
File: C:/Users/Jon Andre Ottesen/Documents/UiO/H2019/Python/FYS-STK4155/Project
1/Results/ridge_lasso_lambda_poly.png Graphic file (type png)
<use C:/Users/Jon Andre Ottesen/Documents/UiO/H2019/Python/FYS-STK4155/Project1
/Results/ridge_lasso_lambda_poly.png>
Package pdftex.def Info: C:/Users/Jon Andre Ottesen/Documents/UiO/H2019/Python/
FYS-STK4155/Project1/Results/ridge_lasso_lambda_poly.png  used on input line 93
1.
(pdftex.def)             Requested size: 215.0023pt x 161.25203pt.

Overfull \hbox (9.0pt too wide) in paragraph at lines 931--932
 [][] 
 []

[23 <C:/Users/Jon Andre Ottesen/Documents/UiO/H2019/Python/FYS-STK4155/Project1
/Results/Ridge_and_largelamba.png> <C:/Users/Jon Andre Ottesen/Documents/UiO/H2
019/Python/FYS-STK4155/Project1/Results/Lasso_and_largelambda.png> <C:/Users/Jo
n Andre Ottesen/Documents/UiO/H2019/Python/FYS-STK4155/Project1/Results/ridge_l
asso_high_order_polyMSE_data.png> <C:/Users/Jon Andre Ottesen/Documents/UiO/H20
19/Python/FYS-STK4155/Project1/Results/ridge_lasso_high_order_polyMSE.png>]
<C:/Users/Jon Andre Ottesen/Documents/UiO/H2019/Python/FYS-STK4155/Project1/Res
ults/ols_3d_plot.png, id=599, 867.24pt x 505.89pt>
File: C:/Users/Jon Andre Ottesen/Documents/UiO/H2019/Python/FYS-STK4155/Project
1/Results/ols_3d_plot.png Graphic file (type png)
<use C:/Users/Jon Andre Ottesen/Documents/UiO/H2019/Python/FYS-STK4155/Project1
/Results/ols_3d_plot.png>
Package pdftex.def Info: C:/Users/Jon Andre Ottesen/Documents/UiO/H2019/Python/
FYS-STK4155/Project1/Results/ols_3d_plot.png  used on input line 938.
(pdftex.def)             Requested size: 258.00539pt x 150.5022pt.

Overfull \hbox (52.00308pt too wide) in paragraph at lines 938--939
 [][] 
 []

<C:/Users/Jon Andre Ottesen/Documents/UiO/H2019/Python/FYS-STK4155/Project1/Res
ults/lasso_3d_plot.png, id=602, 867.24pt x 505.89pt>
File: C:/Users/Jon Andre Ottesen/Documents/UiO/H2019/Python/FYS-STK4155/Project
1/Results/lasso_3d_plot.png Graphic file (type png)
<use C:/Users/Jon Andre Ottesen/Documents/UiO/H2019/Python/FYS-STK4155/Project1
/Results/lasso_3d_plot.png>
Package pdftex.def Info: C:/Users/Jon Andre Ottesen/Documents/UiO/H2019/Python/
FYS-STK4155/Project1/Results/lasso_3d_plot.png  used on input line 945.
(pdftex.def)             Requested size: 258.00539pt x 150.5022pt.

Overfull \hbox (52.00308pt too wide) in paragraph at lines 945--946
 [][] 
 []

<C:/Users/Jon Andre Ottesen/Documents/UiO/H2019/Python/FYS-STK4155/Project1/Res
ults_terrain/terrainHist_Ridgek=10.png, id=605, 722.7pt x 505.89pt>
File: C:/Users/Jon Andre Ottesen/Documents/UiO/H2019/Python/FYS-STK4155/Project
1/Results_terrain/terrainHist_Ridgek=10.png Graphic file (type png)
<use C:/Users/Jon Andre Ottesen/Documents/UiO/H2019/Python/FYS-STK4155/Project1
/Results_terrain/terrainHist_Ridgek=10.png>
Package pdftex.def Info: C:/Users/Jon Andre Ottesen/Documents/UiO/H2019/Python/
FYS-STK4155/Project1/Results_terrain/terrainHist_Ridgek=10.png  used on input l
ine 953.
(pdftex.def)             Requested size: 215.0023pt x 150.5022pt.

Overfull \hbox (9.0pt too wide) in paragraph at lines 953--954
 [][] 
 []

<C:/Users/Jon Andre Ottesen/Documents/UiO/H2019/Python/FYS-STK4155/Project1/Res
ults_terrain/terrainHist_Lassok=10.png, id=606, 722.7pt x 505.89pt>
File: C:/Users/Jon Andre Ottesen/Documents/UiO/H2019/Python/FYS-STK4155/Project
1/Results_terrain/terrainHist_Lassok=10.png Graphic file (type png)
<use C:/Users/Jon Andre Ottesen/Documents/UiO/H2019/Python/FYS-STK4155/Project1
/Results_terrain/terrainHist_Lassok=10.png>
Package pdftex.def Info: C:/Users/Jon Andre Ottesen/Documents/UiO/H2019/Python/
FYS-STK4155/Project1/Results_terrain/terrainHist_Lassok=10.png  used on input l
ine 960.
(pdftex.def)             Requested size: 215.0023pt x 150.5022pt.

Overfull \hbox (9.0pt too wide) in paragraph at lines 960--961
 [][] 
 []

[24 <C:/Users/Jon Andre Ottesen/Documents/UiO/H2019/Python/FYS-STK4155/Project1
/Results/ridge_lasso_lambda_poly.png> <C:/Users/Jon Andre Ottesen/Documents/UiO
/H2019/Python/FYS-STK4155/Project1/Results/ols_3d_plot.png> <C:/Users/Jon Andre
 Ottesen/Documents/UiO/H2019/Python/FYS-STK4155/Project1/Results/lasso_3d_plot.
png> <C:/Users/Jon Andre Ottesen/Documents/UiO/H2019/Python/FYS-STK4155/Project
1/Results_terrain/terrainHist_Ridgek=10.png>]

Package hyperref Warning: Difference (2) between bookmark levels is greater 
(hyperref)                than one, level fixed on input line 968.

[25 <C:/Users/Jon Andre Ottesen/Documents/UiO/H2019/Python/FYS-STK4155/Project1
/Results_terrain/terrainHist_Lassok=10.png>] (project_1.bbl
Underfull \hbox (badness 10000) in paragraph at lines 23--28
 []\OT1/cmr/m/n/9 whuber ([][]$\OT1/cmtt/m/n/9 https : / / stats . stackexchang
e . com / users / 919 / whuber$[][]\OT1/cmr/m/n/9 ).  The proof of shrin-
 []


Underfull \hbox (badness 4072) in paragraph at lines 23--28
 \OT1/cmr/m/n/9 king co-ef-fi-ci-ents using rid-ge re-gres-sion through spec-tr
al de-com-po-sition.  Cross Va-li-dated.
 []

) [26]
Package atveryend Info: Empty hook `AfterLastShipout' on input line 1001.
 (project_1.aux)
Package atveryend Info: Executing hook `AtVeryEndDocument' on input line 1001.
Package atveryend Info: Executing hook `AtEndAfterFileList' on input line 1001.

Package rerunfilecheck Info: File `project_1.out' has not changed.
(rerunfilecheck)             Checksum: 50EF0DA6D3AAE44BDC7D89622D4A6B31;2201.
 ) 
Here is how much of TeX's memory you used:
 14183 strings out of 492895
 225757 string characters out of 3118129
 557080 words of memory out of 3000000
 17703 multiletter control sequences out of 15000+200000
 17310 words of font info for 65 fonts, out of 3000000 for 9000
 1141 hyphenation exceptions out of 8191
 42i,15n,40p,1130b,414s stack positions out of 5000i,500n,10000p,200000b,50000s
<C:/Users/Jon Andre Ottesen/AppData/Local/Programs/MiKTeX 2.9/fonts/type1/pub
lic/amsfonts/cm/cmbsy10.pfb><C:/Users/Jon Andre Ottesen/AppData/Local/Programs/
MiKTeX 2.9/fonts/type1/public/amsfonts/cm/cmbx10.pfb><C:/Users/Jon Andre Ottese
n/AppData/Local/Programs/MiKTeX 2.9/fonts/type1/public/amsfonts/cm/cmbx12.pfb><
C:/Users/Jon Andre Ottesen/AppData/Local/Programs/MiKTeX 2.9/fonts/type1/public
/amsfonts/cm/cmbx7.pfb><C:/Users/Jon Andre Ottesen/AppData/Local/Programs/MiKTe
X 2.9/fonts/type1/public/amsfonts/cm/cmbx9.pfb><C:/Users/Jon Andre Ottesen/AppD
ata/Local/Programs/MiKTeX 2.9/fonts/type1/public/amsfonts/cm/cmex10.pfb><C:/Use
rs/Jon Andre Ottesen/AppData/Local/Programs/MiKTeX 2.9/fonts/type1/public/amsfo
nts/cm/cmmi10.pfb><C:/Users/Jon Andre Ottesen/AppData/Local/Programs/MiKTeX 2.9
/fonts/type1/public/amsfonts/cm/cmmi7.pfb><C:/Users/Jon Andre Ottesen/AppData/L
ocal/Programs/MiKTeX 2.9/fonts/type1/public/amsfonts/cm/cmmi8.pfb><C:/Users/Jon
 Andre Ottesen/AppData/Local/Programs/MiKTeX 2.9/fonts/type1/public/amsfonts/cm
/cmmi9.pfb><C:/Users/Jon Andre Ottesen/AppData/Local/Programs/MiKTeX 2.9/fonts/
type1/public/amsfonts/cm/cmmib10.pfb><C:/Users/Jon Andre Ottesen/AppData/Local/
Programs/MiKTeX 2.9/fonts/type1/public/amsfonts/cmextra/cmmib7.pfb><C:/Users/Jo
n Andre Ottesen/AppData/Local/Programs/MiKTeX 2.9/fonts/type1/public/amsfonts/c
m/cmr10.pfb><C:/Users/Jon Andre Ottesen/AppData/Local/Programs/MiKTeX 2.9/fonts
/type1/public/amsfonts/cm/cmr6.pfb><C:/Users/Jon Andre Ottesen/AppData/Local/Pr
ograms/MiKTeX 2.9/fonts/type1/public/amsfonts/cm/cmr7.pfb><C:/Users/Jon Andre O
ttesen/AppData/Local/Programs/MiKTeX 2.9/fonts/type1/public/amsfonts/cm/cmr8.pf
b><C:/Users/Jon Andre Ottesen/AppData/Local/Programs/MiKTeX 2.9/fonts/type1/pub
lic/amsfonts/cm/cmr9.pfb><C:/Users/Jon Andre Ottesen/AppData/Local/Programs/MiK
TeX 2.9/fonts/type1/public/amsfonts/cm/cmsy10.pfb><C:/Users/Jon Andre Ottesen/A
ppData/Local/Programs/MiKTeX 2.9/fonts/type1/public/amsfonts/cm/cmsy7.pfb><C:/U
sers/Jon Andre Ottesen/AppData/Local/Programs/MiKTeX 2.9/fonts/type1/public/ams
fonts/cm/cmsy8.pfb><C:/Users/Jon Andre Ottesen/AppData/Local/Programs/MiKTeX 2.
9/fonts/type1/public/amsfonts/cm/cmsy9.pfb><C:/Users/Jon Andre Ottesen/AppData/
Local/Programs/MiKTeX 2.9/fonts/type1/public/amsfonts/cm/cmti10.pfb><C:/Users/J
on Andre Ottesen/AppData/Local/Programs/MiKTeX 2.9/fonts/type1/public/amsfonts/
cm/cmti9.pfb><C:/Users/Jon Andre Ottesen/AppData/Local/Programs/MiKTeX 2.9/font
s/type1/public/amsfonts/cm/cmtt10.pfb><C:/Users/Jon Andre Ottesen/AppData/Local
/Programs/MiKTeX 2.9/fonts/type1/public/amsfonts/cm/cmtt8.pfb><C:/Users/Jon And
re Ottesen/AppData/Local/Programs/MiKTeX 2.9/fonts/type1/public/amsfonts/cm/cmt
t9.pfb><C:/Users/Jon Andre Ottesen/AppData/Local/Programs/MiKTeX 2.9/fonts/type
1/public/amsfonts/symbols/msbm10.pfb>
Output written on project_1.pdf (26 pages, 1928656 bytes).
PDF statistics:
 754 PDF objects out of 1000 (max. 8388607)
 153 named destinations out of 1000 (max. 500000)
 425 words of extra memory for PDF output out of 10000 (max. 10000000)

