\BOOKMARK [0][-]{section*.2}{FYS-STK4155 \205 Applied data analysis and machine learning Project 1 - Regression analysis and resampling methods}{}% 2
\BOOKMARK [1][-]{section*.1}{Sammendrag}{section*.2}% 1
\BOOKMARK [1][-]{section*.3}{Introduction}{section*.2}% 3
\BOOKMARK [1][-]{section*.4}{Theory}{section*.2}% 4
\BOOKMARK [2][-]{section*.5}{Moments and error analysis}{section*.4}% 5
\BOOKMARK [3][-]{section*.6}{Moments in statistics}{section*.5}% 6
\BOOKMARK [3][-]{section*.7}{Error analysis}{section*.5}% 7
\BOOKMARK [2][-]{section*.8}{Linear regression methods}{section*.4}% 8
\BOOKMARK [3][-]{section*.9}{Ordinary least squares}{section*.8}% 9
\BOOKMARK [3][-]{section*.10}{Ridge and Lasso regression}{section*.8}% 10
\BOOKMARK [3][-]{section*.11}{SVD}{section*.8}% 11
\BOOKMARK [2][-]{section*.12}{Resampling and Bias-variance tradeoff}{section*.4}% 12
\BOOKMARK [3][-]{section*.13}{Reasmpling methods}{section*.12}% 13
\BOOKMARK [3][-]{section*.14}{Bias-variance tradeoff}{section*.12}% 14
\BOOKMARK [1][-]{section*.15}{Method}{section*.2}% 15
\BOOKMARK [2][-]{section*.16}{Preparations}{section*.15}% 16
\BOOKMARK [2][-]{section*.17}{Regression analysis}{section*.15}% 17
\BOOKMARK [1][-]{section*.18}{Results}{section*.2}% 18
\BOOKMARK [2][-]{section*.19}{Franke function}{section*.18}% 19
\BOOKMARK [3][-]{section*.39}{Terrain data}{section*.19}% 20
\BOOKMARK [1][-]{section*.55}{Discussion}{section*.2}% 21
\BOOKMARK [1][-]{section*.56}{Conclusion}{section*.2}% 22
\BOOKMARK [1][-]{section*.57}{Tables}{section*.2}% 23
\BOOKMARK [1][-]{section*.60}{Figures}{section*.2}% 24
\BOOKMARK [2][-]{section*.75}{Terrain}{section*.60}% 25
\BOOKMARK [1][-]{section*.78}{Proofs}{section*.2}% 26
